# JRE version: OpenJDK Runtime Environment (8.0_111-b14) (build 1.8.0_111-8u111-b14-2ubuntu0.16.04.2-b14)
# Java VM: OpenJDK 64-Bit Server VM (25.111-b14 mixed mode linux-amd64 compressed oops)
Heap:
 PSYoungGen      total 697344K, used 0K [0x00000000d5580000, 0x0000000100000000, 0x0000000100000000)
  eden space 695808K, 0% used [0x00000000d5580000,0x00000000d5580000,0x00000000ffd00000)
  from space 1536K, 0% used [0x00000000ffd00000,0x00000000ffd00000,0x00000000ffe80000)
  to   space 1536K, 0% used [0x00000000ffe80000,0x00000000ffe80000,0x0000000100000000)
 ParOldGen       total 562176K, used 551508K [0x0000000080000000, 0x00000000a2500000, 0x00000000d5580000)
  object space 562176K, 98% used [0x0000000080000000,0x00000000a1a952a8,0x00000000a2500000)
 Metaspace       used 3152K, capacity 4652K, committed 4864K, reserved 1056768K
  class space    used 321K, capacity 424K, committed 512K, reserved 1048576K
GC Heap History (10 events):
Event: 6087.495 GC heap after
Heap after GC invocations=1382 (full 9):
 PSYoungGen      total 696320K, used 736K [0x00000000d5580000, 0x0000000100000000, 0x0000000100000000)
  eden space 694784K, 0% used [0x00000000d5580000,0x00000000d5580000,0x00000000ffc00000)
  from space 1536K, 47% used [0x00000000ffc00000,0x00000000ffcb8000,0x00000000ffd80000)
  to   space 1536K, 0% used [0x00000000ffe80000,0x00000000ffe80000,0x0000000100000000)
 ParOldGen       total 562176K, used 558683K [0x0000000080000000, 0x00000000a2500000, 0x00000000d5580000)
  object space 562176K, 99% used [0x0000000080000000,0x00000000a2196da8,0x00000000a2500000)
 Metaspace       used 3152K, capacity 4652K, committed 4864K, reserved 1056768K
  class space    used 321K, capacity 424K, committed 512K, reserved 1048576K
}
Event: 6225.897 GC heap before
{Heap before GC invocations=1383 (full 9):
 PSYoungGen      total 696320K, used 695520K [0x00000000d5580000, 0x0000000100000000, 0x0000000100000000)
  eden space 694784K, 100% used [0x00000000d5580000,0x00000000ffc00000,0x00000000ffc00000)
  from space 1536K, 47% used [0x00000000ffc00000,0x00000000ffcb8000,0x00000000ffd80000)
  to   space 1536K, 0% used [0x00000000ffe80000,0x00000000ffe80000,0x0000000100000000)
 ParOldGen       total 562176K, used 558683K [0x0000000080000000, 0x00000000a2500000, 0x00000000d5580000)
  object space 562176K, 99% used [0x0000000080000000,0x00000000a2196da8,0x00000000a2500000)
 Metaspace       used 3152K, capacity 4652K, committed 4864K, reserved 1056768K
  class space    used 321K, capacity 424K, committed 512K, reserved 1048576K
Event: 6226.961 GC heap after
Heap after GC invocations=1383 (full 9):
 PSYoungGen      total 697344K, used 768K [0x00000000d5580000, 0x0000000100000000, 0x0000000100000000)
  eden space 695808K, 0% used [0x00000000d5580000,0x00000000d5580000,0x00000000ffd00000)
  from space 1536K, 50% used [0x00000000ffe80000,0x00000000fff40000,0x0000000100000000)
  to   space 1536K, 0% used [0x00000000ffd00000,0x00000000ffd00000,0x00000000ffe80000)
 ParOldGen       total 562176K, used 559411K [0x0000000080000000, 0x00000000a2500000, 0x00000000d5580000)
  object space 562176K, 99% used [0x0000000080000000,0x00000000a224cda8,0x00000000a2500000)
 Metaspace       used 3152K, capacity 4652K, committed 4864K, reserved 1056768K
  class space    used 321K, capacity 424K, committed 512K, reserved 1048576K
}
Event: 6264.604 GC heap before
{Heap before GC invocations=1384 (full 9):
 PSYoungGen      total 697344K, used 696576K [0x00000000d5580000, 0x0000000100000000, 0x0000000100000000)
  eden space 695808K, 100% used [0x00000000d5580000,0x00000000ffd00000,0x00000000ffd00000)
  from space 1536K, 50% used [0x00000000ffe80000,0x00000000fff40000,0x0000000100000000)
  to   space 1536K, 0% used [0x00000000ffd00000,0x00000000ffd00000,0x00000000ffe80000)
 ParOldGen       total 562176K, used 559411K [0x0000000080000000, 0x00000000a2500000, 0x00000000d5580000)
  object space 562176K, 99% used [0x0000000080000000,0x00000000a224cda8,0x00000000a2500000)
 Metaspace       used 3152K, capacity 4652K, committed 4864K, reserved 1056768K
  class space    used 321K, capacity 424K, committed 512K, reserved 1048576K
Event: 6264.821 GC heap after
Heap after GC invocations=1384 (full 9):
 PSYoungGen      total 697344K, used 800K [0x00000000d5580000, 0x0000000100000000, 0x0000000100000000)
  eden space 695808K, 0% used [0x00000000d5580000,0x00000000d5580000,0x00000000ffd00000)
  from space 1536K, 52% used [0x00000000ffd00000,0x00000000ffdc8000,0x00000000ffe80000)
  to   space 1536K, 0% used [0x00000000ffe80000,0x00000000ffe80000,0x0000000100000000)
 ParOldGen       total 562176K, used 560147K [0x0000000080000000, 0x00000000a2500000, 0x00000000d5580000)
  object space 562176K, 99% used [0x0000000080000000,0x00000000a2304da8,0x00000000a2500000)
 Metaspace       used 3152K, capacity 4652K, committed 4864K, reserved 1056768K
  class space    used 321K, capacity 424K, committed 512K, reserved 1048576K
}
Event: 6388.924 GC heap before
{Heap before GC invocations=1385 (full 9):
 PSYoungGen      total 697344K, used 696608K [0x00000000d5580000, 0x0000000100000000, 0x0000000100000000)
  eden space 695808K, 100% used [0x00000000d5580000,0x00000000ffd00000,0x00000000ffd00000)
  from space 1536K, 52% used [0x00000000ffd00000,0x00000000ffdc8000,0x00000000ffe80000)
  to   space 1536K, 0% used [0x00000000ffe80000,0x00000000ffe80000,0x0000000100000000)
 ParOldGen       total 562176K, used 560147K [0x0000000080000000, 0x00000000a2500000, 0x00000000d5580000)
  object space 562176K, 99% used [0x0000000080000000,0x00000000a2304da8,0x00000000a2500000)
 Metaspace       used 3152K, capacity 4652K, committed 4864K, reserved 1056768K
  class space    used 321K, capacity 424K, committed 512K, reserved 1048576K
Event: 6390.766 GC heap after
Heap after GC invocations=1385 (full 9):
 PSYoungGen      total 697344K, used 800K [0x00000000d5580000, 0x0000000100000000, 0x0000000100000000)
  eden space 695808K, 0% used [0x00000000d5580000,0x00000000d5580000,0x00000000ffd00000)
  from space 1536K, 52% used [0x00000000ffe80000,0x00000000fff48000,0x0000000100000000)
  to   space 1536K, 0% used [0x00000000ffd00000,0x00000000ffd00000,0x00000000ffe80000)
 ParOldGen       total 562176K, used 560939K [0x0000000080000000, 0x00000000a2500000, 0x00000000d5580000)
  object space 562176K, 99% used [0x0000000080000000,0x00000000a23cada8,0x00000000a2500000)
 Metaspace       used 3152K, capacity 4652K, committed 4864K, reserved 1056768K
  class space    used 321K, capacity 424K, committed 512K, reserved 1048576K
}
Event: 6464.926 GC heap before
{Heap before GC invocations=1386 (full 9):
 PSYoungGen      total 697344K, used 696608K [0x00000000d5580000, 0x0000000100000000, 0x0000000100000000)
  eden space 695808K, 100% used [0x00000000d5580000,0x00000000ffd00000,0x00000000ffd00000)
  from space 1536K, 52% used [0x00000000ffe80000,0x00000000fff48000,0x0000000100000000)
  to   space 1536K, 0% used [0x00000000ffd00000,0x00000000ffd00000,0x00000000ffe80000)
 ParOldGen       total 562176K, used 560939K [0x0000000080000000, 0x00000000a2500000, 0x00000000d5580000)
  object space 562176K, 99% used [0x0000000080000000,0x00000000a23cada8,0x00000000a2500000)
 Metaspace       used 3152K, capacity 4652K, committed 4864K, reserved 1056768K
  class space    used 321K, capacity 424K, committed 512K, reserved 1048576K
Event: 6465.555 GC heap after
Heap after GC invocations=1386 (full 9):
 PSYoungGen      total 697344K, used 864K [0x00000000d5580000, 0x0000000100000000, 0x0000000100000000)
  eden space 695808K, 0% used [0x00000000d5580000,0x00000000d5580000,0x00000000ffd00000)
  from space 1536K, 56% used [0x00000000ffd00000,0x00000000ffdd8000,0x00000000ffe80000)
  to   space 1536K, 0% used [0x00000000ffe80000,0x00000000ffe80000,0x0000000100000000)
 ParOldGen       total 562176K, used 561723K [0x0000000080000000, 0x00000000a2500000, 0x00000000d5580000)
  object space 562176K, 99% used [0x0000000080000000,0x00000000a248eda8,0x00000000a2500000)
 Metaspace       used 3152K, capacity 4652K, committed 4864K, reserved 1056768K
  class space    used 321K, capacity 424K, committed 512K, reserved 1048576K
}
Event: 6465.556 GC heap before
{Heap before GC invocations=1387 (full 10):
 PSYoungGen      total 697344K, used 864K [0x00000000d5580000, 0x0000000100000000, 0x0000000100000000)
  eden space 695808K, 0% used [0x00000000d5580000,0x00000000d5580000,0x00000000ffd00000)
  from space 1536K, 56% used [0x00000000ffd00000,0x00000000ffdd8000,0x00000000ffe80000)
  to   space 1536K, 0% used [0x00000000ffe80000,0x00000000ffe80000,0x0000000100000000)
 ParOldGen       total 562176K, used 561723K [0x0000000080000000, 0x00000000a2500000, 0x00000000d5580000)
  object space 562176K, 99% used [0x0000000080000000,0x00000000a248eda8,0x00000000a2500000)
 Metaspace       used 3152K, capacity 4652K, committed 4864K, reserved 1056768K
  class space    used 321K, capacity 424K, committed 512K, reserved 1048576K

