# JRE version: OpenJDK Runtime Environment (8.0_111-b14) (build 1.8.0_111-8u111-b14-2ubuntu0.16.04.2-b14)
# Java VM: OpenJDK 64-Bit Server VM (25.111-b14 mixed mode linux-amd64 compressed oops)
Heap:
 PSYoungGen      total 532992K, used 2776K [0x00000000d5580000, 0x00000000f7580000, 0x0000000100000000)
  eden space 511488K, 0% used [0x00000000d5580000,0x00000000d5580000,0x00000000f4900000)
  from space 21504K, 12% used [0x00000000f5f00000,0x00000000f61b6310,0x00000000f7400000)
  to   space 22528K, 0% used [0x00000000f4900000,0x00000000f4900000,0x00000000f5f00000)
 ParOldGen       total 342016K, used 341908K [0x0000000080000000, 0x0000000094e00000, 0x00000000d5580000)
  object space 342016K, 99% used [0x0000000080000000,0x0000000094de53e8,0x0000000094e00000)
 Metaspace       used 3142K, capacity 4652K, committed 4864K, reserved 1056768K
  class space    used 323K, capacity 424K, committed 512K, reserved 1048576K
GC Heap History (10 events):
Event: 1469.147 GC heap after
Heap after GC invocations=85 (full 5):
 PSYoungGen      total 400384K, used 13344K [0x00000000d5580000, 0x00000000eef00000, 0x0000000100000000)
  eden space 383488K, 0% used [0x00000000d5580000,0x00000000d5580000,0x00000000ecc00000)
  from space 16896K, 78% used [0x00000000edd00000,0x00000000eea08000,0x00000000eed80000)
  to   space 17408K, 0% used [0x00000000ecc00000,0x00000000ecc00000,0x00000000edd00000)
 ParOldGen       total 342016K, used 265706K [0x0000000080000000, 0x0000000094e00000, 0x00000000d5580000)
  object space 342016K, 77% used [0x0000000080000000,0x000000009037a8f8,0x0000000094e00000)
 Metaspace       used 3142K, capacity 4652K, committed 4864K, reserved 1056768K
  class space    used 323K, capacity 424K, committed 512K, reserved 1048576K
}
Event: 1549.729 GC heap before
{Heap before GC invocations=86 (full 5):
 PSYoungGen      total 400384K, used 396832K [0x00000000d5580000, 0x00000000eef00000, 0x0000000100000000)
  eden space 383488K, 100% used [0x00000000d5580000,0x00000000ecc00000,0x00000000ecc00000)
  from space 16896K, 78% used [0x00000000edd00000,0x00000000eea08000,0x00000000eed80000)
  to   space 17408K, 0% used [0x00000000ecc00000,0x00000000ecc00000,0x00000000edd00000)
 ParOldGen       total 342016K, used 265706K [0x0000000080000000, 0x0000000094e00000, 0x00000000d5580000)
  object space 342016K, 77% used [0x0000000080000000,0x000000009037a8f8,0x0000000094e00000)
 Metaspace       used 3142K, capacity 4652K, committed 4864K, reserved 1056768K
  class space    used 323K, capacity 424K, committed 512K, reserved 1048576K
Event: 1570.190 GC heap after
Heap after GC invocations=86 (full 5):
 PSYoungGen      total 400896K, used 15328K [0x00000000d5580000, 0x00000000f2b00000, 0x0000000100000000)
  eden space 383488K, 0% used [0x00000000d5580000,0x00000000d5580000,0x00000000ecc00000)
  from space 17408K, 88% used [0x00000000ecc00000,0x00000000edaf8000,0x00000000edd00000)
  to   space 18944K, 0% used [0x00000000f1880000,0x00000000f1880000,0x00000000f2b00000)
 ParOldGen       total 342016K, used 279058K [0x0000000080000000, 0x0000000094e00000, 0x00000000d5580000)
  object space 342016K, 81% used [0x0000000080000000,0x00000000910848f8,0x0000000094e00000)
 Metaspace       used 3142K, capacity 4652K, committed 4864K, reserved 1056768K
  class space    used 323K, capacity 424K, committed 512K, reserved 1048576K
}
Event: 1707.493 GC heap before
{Heap before GC invocations=87 (full 5):
 PSYoungGen      total 400896K, used 398816K [0x00000000d5580000, 0x00000000f2b00000, 0x0000000100000000)
  eden space 383488K, 100% used [0x00000000d5580000,0x00000000ecc00000,0x00000000ecc00000)
  from space 17408K, 88% used [0x00000000ecc00000,0x00000000edaf8000,0x00000000edd00000)
  to   space 18944K, 0% used [0x00000000f1880000,0x00000000f1880000,0x00000000f2b00000)
 ParOldGen       total 342016K, used 279058K [0x0000000080000000, 0x0000000094e00000, 0x00000000d5580000)
  object space 342016K, 81% used [0x0000000080000000,0x00000000910848f8,0x0000000094e00000)
 Metaspace       used 3142K, capacity 4652K, committed 4864K, reserved 1056768K
  class space    used 323K, capacity 424K, committed 512K, reserved 1048576K
Event: 1725.812 GC heap after
Heap after GC invocations=87 (full 5):
 PSYoungGen      total 460800K, used 15328K [0x00000000d5580000, 0x00000000f2c80000, 0x0000000100000000)
  eden space 441856K, 0% used [0x00000000d5580000,0x00000000d5580000,0x00000000f0500000)
  from space 18944K, 80% used [0x00000000f1880000,0x00000000f2778000,0x00000000f2b00000)
  to   space 19968K, 0% used [0x00000000f0500000,0x00000000f0500000,0x00000000f1880000)
 ParOldGen       total 342016K, used 294418K [0x0000000080000000, 0x0000000094e00000, 0x00000000d5580000)
  object space 342016K, 86% used [0x0000000080000000,0x0000000091f848f8,0x0000000094e00000)
 Metaspace       used 3142K, capacity 4652K, committed 4864K, reserved 1056768K
  class space    used 323K, capacity 424K, committed 512K, reserved 1048576K
}
Event: 1827.898 GC heap before
{Heap before GC invocations=88 (full 5):
 PSYoungGen      total 460800K, used 457184K [0x00000000d5580000, 0x00000000f2c80000, 0x0000000100000000)
  eden space 441856K, 100% used [0x00000000d5580000,0x00000000f0500000,0x00000000f0500000)
  from space 18944K, 80% used [0x00000000f1880000,0x00000000f2778000,0x00000000f2b00000)
  to   space 19968K, 0% used [0x00000000f0500000,0x00000000f0500000,0x00000000f1880000)
 ParOldGen       total 342016K, used 294418K [0x0000000080000000, 0x0000000094e00000, 0x00000000d5580000)
  object space 342016K, 86% used [0x0000000080000000,0x0000000091f848f8,0x0000000094e00000)
 Metaspace       used 3142K, capacity 4652K, committed 4864K, reserved 1056768K
  class space    used 323K, capacity 424K, committed 512K, reserved 1048576K
Event: 1866.234 GC heap after
Heap after GC invocations=88 (full 5):
 PSYoungGen      total 461824K, used 17664K [0x00000000d5580000, 0x00000000f7400000, 0x0000000100000000)
  eden space 441856K, 0% used [0x00000000d5580000,0x00000000d5580000,0x00000000f0500000)
  from space 19968K, 88% used [0x00000000f0500000,0x00000000f1640000,0x00000000f1880000)
  to   space 21504K, 0% used [0x00000000f5f00000,0x00000000f5f00000,0x00000000f7400000)
 ParOldGen       total 342016K, used 309778K [0x0000000080000000, 0x0000000094e00000, 0x00000000d5580000)
  object space 342016K, 90% used [0x0000000080000000,0x0000000092e848f8,0x0000000094e00000)
 Metaspace       used 3142K, capacity 4652K, committed 4864K, reserved 1056768K
  class space    used 323K, capacity 424K, committed 512K, reserved 1048576K
}
Event: 1977.551 GC heap before
{Heap before GC invocations=89 (full 5):
 PSYoungGen      total 461824K, used 459520K [0x00000000d5580000, 0x00000000f7400000, 0x0000000100000000)
  eden space 441856K, 100% used [0x00000000d5580000,0x00000000f0500000,0x00000000f0500000)
  from space 19968K, 88% used [0x00000000f0500000,0x00000000f1640000,0x00000000f1880000)
  to   space 21504K, 0% used [0x00000000f5f00000,0x00000000f5f00000,0x00000000f7400000)
 ParOldGen       total 342016K, used 309778K [0x0000000080000000, 0x0000000094e00000, 0x00000000d5580000)
  object space 342016K, 90% used [0x0000000080000000,0x0000000092e848f8,0x0000000094e00000)
 Metaspace       used 3142K, capacity 4652K, committed 4864K, reserved 1056768K
  class space    used 323K, capacity 424K, committed 512K, reserved 1048576K
Event: 2001.359 GC heap after
Heap after GC invocations=89 (full 5):
 PSYoungGen      total 532992K, used 17632K [0x00000000d5580000, 0x00000000f7580000, 0x0000000100000000)
  eden space 511488K, 0% used [0x00000000d5580000,0x00000000d5580000,0x00000000f4900000)
  from space 21504K, 81% used [0x00000000f5f00000,0x00000000f7038000,0x00000000f7400000)
  to   space 22528K, 0% used [0x00000000f4900000,0x00000000f4900000,0x00000000f5f00000)
 ParOldGen       total 342016K, used 327474K [0x0000000080000000, 0x0000000094e00000, 0x00000000d5580000)
  object space 342016K, 95% used [0x0000000080000000,0x0000000093fcc8f8,0x0000000094e00000)
 Metaspace       used 3142K, capacity 4652K, committed 4864K, reserved 1056768K
  class space    used 323K, capacity 424K, committed 512K, reserved 1048576K
}
Event: 2001.362 GC heap before
{Heap before GC invocations=90 (full 6):
 PSYoungGen      total 532992K, used 17632K [0x00000000d5580000, 0x00000000f7580000, 0x0000000100000000)
  eden space 511488K, 0% used [0x00000000d5580000,0x00000000d5580000,0x00000000f4900000)
  from space 21504K, 81% used [0x00000000f5f00000,0x00000000f7038000,0x00000000f7400000)
  to   space 22528K, 0% used [0x00000000f4900000,0x00000000f4900000,0x00000000f5f00000)
 ParOldGen       total 342016K, used 327474K [0x0000000080000000, 0x0000000094e00000, 0x00000000d5580000)
  object space 342016K, 95% used [0x0000000080000000,0x0000000093fcc8f8,0x0000000094e00000)
 Metaspace       used 3142K, capacity 4652K, committed 4864K, reserved 1056768K
  class space    used 323K, capacity 424K, committed 512K, reserved 1048576K

